2022-12-26 15:31:27.161  INFO 5768 --- [main] .d.RestApiHospitalRestTempletApplication : Starting RestApiHospitalRestTempletApplication using Java 18.0.2 on DESKTOP-K05TCTF with PID 5768 (C:\Users\DELL\eclipse-workspace\RestApiHospitalRestTemplet\target\classes started by DELL in C:\Users\DELL\eclipse-workspace\RestApiHospitalRestTemplet)
2022-12-26 15:31:27.169  INFO 5768 --- [main] .d.RestApiHospitalRestTempletApplication : No active profile set, falling back to 1 default profile: "default"
2022-12-26 15:31:28.871  INFO 5768 --- [main] .s.d.r.c.RepositoryConfigurationDelegate : Bootstrapping Spring Data JPA repositories in DEFAULT mode.
2022-12-26 15:31:29.009  INFO 5768 --- [main] .s.d.r.c.RepositoryConfigurationDelegate : Finished Spring Data repository scanning in 107 ms. Found 1 JPA repository interfaces.
2022-12-26 15:31:30.328  INFO 5768 --- [main] o.s.b.w.embedded.tomcat.TomcatWebServer  : Tomcat initialized with port(s): 8080 (http)
2022-12-26 15:31:30.354  INFO 5768 --- [main] o.apache.catalina.core.StandardService   : Starting service [Tomcat]
2022-12-26 15:31:30.357  INFO 5768 --- [main] org.apache.catalina.core.StandardEngine  : Starting Servlet engine: [Apache Tomcat/9.0.70]
2022-12-26 15:31:30.762  INFO 5768 --- [main] o.a.c.c.C.[Tomcat].[localhost].[/]       : Initializing Spring embedded WebApplicationContext
2022-12-26 15:31:30.767  INFO 5768 --- [main] w.s.c.ServletWebServerApplicationContext : Root WebApplicationContext: initialization completed in 3468 ms
2022-12-26 15:31:31.497  INFO 5768 --- [main] o.hibernate.jpa.internal.util.LogHelper  : HHH000204: Processing PersistenceUnitInfo [name: default]
2022-12-26 15:31:31.645  INFO 5768 --- [main] org.hibernate.Version                    : HHH000412: Hibernate ORM core version 5.6.14.Final
2022-12-26 15:31:32.086  INFO 5768 --- [main] o.hibernate.annotations.common.Version   : HCANN000001: Hibernate Commons Annotations {5.1.2.Final}
2022-12-26 15:31:32.341  INFO 5768 --- [main] com.zaxxer.hikari.HikariDataSource       : HikariPool-1 - Starting...
2022-12-26 15:31:32.355  WARN 5768 --- [main] com.zaxxer.hikari.util.DriverDataSource  : Registered driver with driverClassName=oracle.jdbc.driver.OracleDriver was not found, trying direct instantiation.
2022-12-26 15:31:33.344  INFO 5768 --- [main] com.zaxxer.hikari.HikariDataSource       : HikariPool-1 - Start completed.
2022-12-26 15:31:33.385  INFO 5768 --- [main] org.hibernate.dialect.Dialect            : HHH000400: Using dialect: org.hibernate.dialect.Oracle10gDialect
2022-12-26 15:33:46.811  INFO 5732 --- [main] .d.RestApiHospitalRestTempletApplication : Starting RestApiHospitalRestTempletApplication using Java 18.0.2 on DESKTOP-K05TCTF with PID 5732 (C:\Users\DELL\eclipse-workspace\RestApiHospitalRestTemplet\target\classes started by DELL in C:\Users\DELL\eclipse-workspace\RestApiHospitalRestTemplet)
2022-12-26 15:33:46.818  INFO 5732 --- [main] .d.RestApiHospitalRestTempletApplication : No active profile set, falling back to 1 default profile: "default"
2022-12-26 15:33:48.317  INFO 5732 --- [main] .s.d.r.c.RepositoryConfigurationDelegate : Bootstrapping Spring Data JPA repositories in DEFAULT mode.
2022-12-26 15:33:48.423  INFO 5732 --- [main] .s.d.r.c.RepositoryConfigurationDelegate : Finished Spring Data repository scanning in 86 ms. Found 1 JPA repository interfaces.
2022-12-26 15:33:49.588  INFO 5732 --- [main] o.s.b.w.embedded.tomcat.TomcatWebServer  : Tomcat initialized with port(s): 8080 (http)
2022-12-26 15:33:49.624  INFO 5732 --- [main] o.apache.catalina.core.StandardService   : Starting service [Tomcat]
2022-12-26 15:33:49.625  INFO 5732 --- [main] org.apache.catalina.core.StandardEngine  : Starting Servlet engine: [Apache Tomcat/9.0.70]
2022-12-26 15:33:49.943  INFO 5732 --- [main] o.a.c.c.C.[Tomcat].[localhost].[/]       : Initializing Spring embedded WebApplicationContext
2022-12-26 15:33:49.944  INFO 5732 --- [main] w.s.c.ServletWebServerApplicationContext : Root WebApplicationContext: initialization completed in 3012 ms
2022-12-26 15:33:50.401  INFO 5732 --- [main] o.hibernate.jpa.internal.util.LogHelper  : HHH000204: Processing PersistenceUnitInfo [name: default]
2022-12-26 15:33:50.548  INFO 5732 --- [main] org.hibernate.Version                    : HHH000412: Hibernate ORM core version 5.6.14.Final
2022-12-26 15:33:50.982  INFO 5732 --- [main] o.hibernate.annotations.common.Version   : HCANN000001: Hibernate Commons Annotations {5.1.2.Final}
2022-12-26 15:33:51.233  INFO 5732 --- [main] com.zaxxer.hikari.HikariDataSource       : HikariPool-1 - Starting...
2022-12-26 15:33:51.245  WARN 5732 --- [main] com.zaxxer.hikari.util.DriverDataSource  : Registered driver with driverClassName=oracle.jdbc.driver.OracleDriver was not found, trying direct instantiation.
2022-12-26 15:33:51.880  INFO 5732 --- [main] com.zaxxer.hikari.HikariDataSource       : HikariPool-1 - Start completed.
2022-12-26 15:33:51.924  INFO 5732 --- [main] org.hibernate.dialect.Dialect            : HHH000400: Using dialect: org.hibernate.dialect.Oracle10gDialect
2022-12-26 15:34:50.335  INFO 5732 --- [main] o.h.e.t.j.p.i.JtaPlatformInitiator       : HHH000490: Using JtaPlatform implementation: [org.hibernate.engine.transaction.jta.platform.internal.NoJtaPlatform]
2022-12-26 15:34:50.354  INFO 5732 --- [main] j.LocalContainerEntityManagerFactoryBean : Initialized JPA EntityManagerFactory for persistence unit 'default'
2022-12-26 15:34:51.862  WARN 5732 --- [main] JpaBaseConfiguration$JpaWebConfiguration : spring.jpa.open-in-view is enabled by default. Therefore, database queries may be performed during view rendering. Explicitly configure spring.jpa.open-in-view to disable this warning
2022-12-26 15:34:54.601  INFO 5732 --- [main] o.s.b.w.embedded.tomcat.TomcatWebServer  : Tomcat started on port(s): 8080 (http) with context path ''
2022-12-26 15:34:54.625  INFO 5732 --- [main] .d.RestApiHospitalRestTempletApplication : Started RestApiHospitalRestTempletApplication in 68.839 seconds (JVM running for 70.612)
2022-12-26 15:35:08.511  INFO 4380 --- [main] c.a.s.r.d.r.HospitalControllerTest       : Starting HospitalControllerTest using Java 18.0.2 on DESKTOP-K05TCTF with PID 4380 (started by DELL in C:\Users\DELL\eclipse-workspace\RestApiHospitalRestTemplet)
2022-12-26 15:35:08.517  INFO 4380 --- [main] c.a.s.r.d.r.HospitalControllerTest       : No active profile set, falling back to 1 default profile: "default"
2022-12-26 15:35:10.828  INFO 4380 --- [main] .s.d.r.c.RepositoryConfigurationDelegate : Bootstrapping Spring Data JPA repositories in DEFAULT mode.
2022-12-26 15:35:11.064  INFO 4380 --- [main] .s.d.r.c.RepositoryConfigurationDelegate : Finished Spring Data repository scanning in 202 ms. Found 1 JPA repository interfaces.
2022-12-26 15:35:13.474  INFO 4380 --- [main] o.hibernate.jpa.internal.util.LogHelper  : HHH000204: Processing PersistenceUnitInfo [name: default]
2022-12-26 15:35:13.653  INFO 4380 --- [main] org.hibernate.Version                    : HHH000412: Hibernate ORM core version 5.6.14.Final
2022-12-26 15:35:14.215  INFO 4380 --- [main] o.hibernate.annotations.common.Version   : HCANN000001: Hibernate Commons Annotations {5.1.2.Final}
2022-12-26 15:35:14.817  INFO 4380 --- [main] com.zaxxer.hikari.HikariDataSource       : HikariPool-1 - Starting...
2022-12-26 15:35:14.838  WARN 4380 --- [main] com.zaxxer.hikari.util.DriverDataSource  : Registered driver with driverClassName=oracle.jdbc.driver.OracleDriver was not found, trying direct instantiation.
2022-12-26 15:35:15.735  INFO 4380 --- [main] com.zaxxer.hikari.HikariDataSource       : HikariPool-1 - Start completed.
2022-12-26 15:35:15.814  INFO 4380 --- [main] org.hibernate.dialect.Dialect            : HHH000400: Using dialect: org.hibernate.dialect.Oracle10gDialect
2022-12-26 15:36:16.176  INFO 4380 --- [main] o.h.e.t.j.p.i.JtaPlatformInitiator       : HHH000490: Using JtaPlatform implementation: [org.hibernate.engine.transaction.jta.platform.internal.NoJtaPlatform]
2022-12-26 15:36:16.225  INFO 4380 --- [main] j.LocalContainerEntityManagerFactoryBean : Initialized JPA EntityManagerFactory for persistence unit 'default'
2022-12-26 15:36:19.053  WARN 4380 --- [main] JpaBaseConfiguration$JpaWebConfiguration : spring.jpa.open-in-view is enabled by default. Therefore, database queries may be performed during view rendering. Explicitly configure spring.jpa.open-in-view to disable this warning
2022-12-26 15:36:25.590  INFO 4380 --- [main] c.a.s.r.d.r.HospitalControllerTest       : Started HospitalControllerTest in 78.262 seconds (JVM running for 82.029)
2022-12-26 15:36:27.188  INFO 5732 --- [http-nio-8080-exec-1] o.a.c.c.C.[Tomcat].[localhost].[/]       : Initializing Spring DispatcherServlet 'dispatcherServlet'
2022-12-26 15:36:27.190  INFO 5732 --- [http-nio-8080-exec-1] o.s.web.servlet.DispatcherServlet        : Initializing Servlet 'dispatcherServlet'
2022-12-26 15:36:27.220  INFO 5732 --- [http-nio-8080-exec-1] o.s.web.servlet.DispatcherServlet        : Completed initialization in 30 ms
2022-12-26 15:36:28.150  INFO 4380 --- [main] c.a.s.r.d.r.HospitalControllerTest       : data added : com.axis.spring.restTemplet.demo.beans.Hospital@27244a88
2022-12-26 15:36:28.742  INFO 4380 --- [main] c.a.s.r.d.r.HospitalControllerTest       : deails from id : com.axis.spring.restTemplet.demo.beans.Hospital@7c55e559
2022-12-26 15:36:28.846  INFO 4380 --- [SpringApplicationShutdownHook] j.LocalContainerEntityManagerFactoryBean : Closing JPA EntityManagerFactory for persistence unit 'default'
2022-12-26 15:36:28.863  INFO 4380 --- [SpringApplicationShutdownHook] com.zaxxer.hikari.HikariDataSource       : HikariPool-1 - Shutdown initiated...
2022-12-26 15:36:28.983  INFO 4380 --- [SpringApplicationShutdownHook] com.zaxxer.hikari.HikariDataSource       : HikariPool-1 - Shutdown completed.
2022-12-26 15:36:53.099  INFO 5732 --- [RMI TCP Connection(5)-127.0.0.1] inMXBeanRegistrar$SpringApplicationAdmin : Application shutdown requested.
2022-12-26 15:36:53.136  INFO 5732 --- [RMI TCP Connection(5)-127.0.0.1] o.apache.catalina.core.StandardService   : Stopping service [Tomcat]
2022-12-26 15:36:53.141  INFO 5732 --- [RMI TCP Connection(5)-127.0.0.1] o.a.c.c.C.[Tomcat].[localhost].[/]       : Destroying Spring FrameworkServlet 'dispatcherServlet'
2022-12-26 15:36:53.166  INFO 5732 --- [RMI TCP Connection(5)-127.0.0.1] j.LocalContainerEntityManagerFactoryBean : Closing JPA EntityManagerFactory for persistence unit 'default'
2022-12-26 15:36:53.174  INFO 5732 --- [RMI TCP Connection(5)-127.0.0.1] com.zaxxer.hikari.HikariDataSource       : HikariPool-1 - Shutdown initiated...
2022-12-26 15:36:53.263  INFO 5732 --- [RMI TCP Connection(5)-127.0.0.1] com.zaxxer.hikari.HikariDataSource       : HikariPool-1 - Shutdown completed.
